2023-10-27 19:48:57.004 [info] Added views:workbench.panel.markers.view in workbench.panel.markers
2023-10-27 19:48:57.004 [info] Added views:workbench.panel.output in workbench.panel.output
2023-10-27 19:48:57.005 [info] Added views:terminal in terminal
2023-10-27 19:48:57.005 [info] Added views:outline in workbench.view.explorer
2023-10-27 19:48:57.005 [info] Added views:workbench.scm in workbench.view.scm
2023-10-27 19:48:57.005 [info] Added views:workbench.view.search in workbench.view.search
2023-10-27 19:48:57.005 [info] Added views:timeline in workbench.view.explorer
2023-10-27 19:48:57.005 [info] Added views:workbench.explorer.emptyView in workbench.view.explorer
2023-10-27 19:48:58.251 [info] Added views:workbench.debug.welcome in workbench.view.debug
2023-10-27 19:48:58.321 [info] Added views:workbench.panel.repl.view in workbench.panel.repl
2023-10-27 19:48:58.767 [info] Added views:~remote.forwardedPorts in ~remote.forwardedPortsContainer
2023-10-27 19:50:06.302 [info] Added views:workbench.views.extensions.installed,workbench.views.extensions.popular,extensions.recommendedList in workbench.view.extensions
2023-10-27 19:50:06.307 [info] Removed views:workbench.views.extensions.popular from workbench.view.extensions
2023-10-27 19:50:07.280 [info] Added views:workbench.views.extensions.popular in workbench.view.extensions
2023-10-27 19:50:40.391 [info] Added views:workbench.panel.markers.view in workbench.panel.markers
2023-10-27 19:50:40.391 [info] Added views:workbench.panel.output in workbench.panel.output
2023-10-27 19:50:40.391 [info] Added views:terminal in terminal
2023-10-27 19:50:40.391 [info] Added views:outline in workbench.view.explorer
2023-10-27 19:50:40.391 [info] Added views:workbench.scm in workbench.view.scm
2023-10-27 19:50:40.391 [info] Added views:workbench.view.search in workbench.view.search
2023-10-27 19:50:40.391 [info] Added views:timeline in workbench.view.explorer
2023-10-27 19:50:40.391 [info] Added views:workbench.explorer.fileView in workbench.view.explorer
2023-10-27 19:50:41.498 [info] Added views:workbench.debug.variablesView,workbench.debug.watchExpressionsView,workbench.debug.callStackView,workbench.debug.breakPointsView in workbench.view.debug
2023-10-27 19:50:41.804 [info] Added views:workbench.panel.repl.view in workbench.panel.repl
2023-10-27 19:50:41.805 [info] Removed views:workbench.debug.breakPointsView,workbench.debug.callStackView,workbench.debug.watchExpressionsView,workbench.debug.variablesView from workbench.view.debug
2023-10-27 19:50:41.806 [info] Added views:workbench.debug.welcome in workbench.view.debug
2023-10-27 19:50:42.267 [info] Added views:~remote.forwardedPorts in ~remote.forwardedPortsContainer
2023-10-27 19:55:41.986 [info] Added views:workbench.panel.markers.view in workbench.panel.markers
2023-10-27 19:55:41.986 [info] Added views:workbench.panel.output in workbench.panel.output
2023-10-27 19:55:41.986 [info] Added views:terminal in terminal
2023-10-27 19:55:41.986 [info] Added views:outline in workbench.view.explorer
2023-10-27 19:55:41.986 [info] Added views:workbench.scm in workbench.view.scm
2023-10-27 19:55:41.986 [info] Added views:workbench.view.search in workbench.view.search
2023-10-27 19:55:41.986 [info] Added views:timeline in workbench.view.explorer
2023-10-27 19:55:41.986 [info] Added views:workbench.explorer.fileView in workbench.view.explorer
2023-10-27 19:55:43.086 [info] Added views:workbench.debug.variablesView,workbench.debug.watchExpressionsView,workbench.debug.callStackView,workbench.debug.breakPointsView in workbench.view.debug
2023-10-27 19:55:43.316 [info] Added views:workbench.panel.repl.view in workbench.panel.repl
2023-10-27 19:55:43.319 [info] Removed views:workbench.debug.breakPointsView,workbench.debug.callStackView,workbench.debug.watchExpressionsView,workbench.debug.variablesView from workbench.view.debug
2023-10-27 19:55:43.320 [info] Added views:workbench.debug.welcome in workbench.view.debug
2023-10-27 19:55:43.673 [info] Added views:~remote.forwardedPorts in ~remote.forwardedPortsContainer
