2023-10-27 21:39:48.738 [info] Log level: Info
2023-10-27 21:39:48.738 [info] Validating found git in: "git"
2023-10-27 21:39:48.738 [info] Using git "2.41.0" from "git"
2023-10-27 21:39:48.738 [info] > git rev-parse --show-toplevel [9ms]
2023-10-27 21:39:48.738 [info] > git rev-parse --git-dir --git-common-dir [39ms]
2023-10-27 21:39:48.738 [info] Open repository: /home/karl/Code/strikt/mvp
2023-10-27 21:39:48.738 [info] > git rev-parse --show-toplevel [31ms]
2023-10-27 21:39:48.738 [info] > git config --get commit.template [68ms]
2023-10-27 21:39:48.738 [info] > git rev-parse --show-toplevel [98ms]
2023-10-27 21:39:48.738 [info] > git for-each-ref --format=%(refname)%00%(upstream:short)%00%(objectname)%00%(upstream:track)%00%(upstream:remotename)%00%(upstream:remoteref) refs/heads/main refs/remotes/main [62ms]
2023-10-27 21:39:48.738 [info] > git rev-parse --show-toplevel [53ms]
2023-10-27 21:39:48.763 [info] > git status -z -uall [44ms]
2023-10-27 21:39:48.764 [info] > git rev-parse --show-toplevel [5ms]
2023-10-27 21:39:48.845 [info] > git rev-parse --show-toplevel [26ms]
2023-10-27 21:39:48.906 [info] > git config --get commit.template [69ms]
2023-10-27 21:39:48.979 [info] > git for-each-ref --format=%(refname)%00%(upstream:short)%00%(objectname)%00%(upstream:track)%00%(upstream:remotename)%00%(upstream:remoteref) refs/heads/main refs/remotes/main [75ms]
2023-10-27 21:39:49.031 [info] > git status -z -uall [41ms]
2023-10-27 21:39:49.651 [info] > git check-ignore -v -z --stdin [15ms]
2023-10-27 21:39:53.025 [info] > git show --textconv :.gitignore [22ms]
2023-10-27 21:39:53.030 [info] > git ls-files --stage -- /home/karl/Code/strikt/mvp/.gitignore [6ms]
2023-10-27 21:39:53.052 [info] > git cat-file -s bc406ea63e82d319bc47ab33d5caa42d0e45b979 [9ms]
2023-10-27 21:41:04.326 [info] > git check-ignore -v -z --stdin [7ms]
2023-10-27 21:41:05.707 [info] > git show --textconv :yarn.lock [24ms]
2023-10-27 21:41:05.714 [info] > git ls-files --stage -- /home/karl/Code/strikt/mvp/yarn.lock [8ms]
2023-10-27 21:41:07.727 [info] > git show --textconv :src/index.ts [19ms]
2023-10-27 21:41:07.731 [info] > git ls-files --stage -- /home/karl/Code/strikt/mvp/src/index.ts [6ms]
2023-10-27 21:41:07.754 [info] > git cat-file -s 512ec343dd929bf1ac3852527ae4b2c86d059c1c [8ms]
2023-10-27 21:41:12.553 [info] > git show --textconv :src/server.ts [34ms]
2023-10-27 21:41:12.556 [info] > git ls-files --stage -- /home/karl/Code/strikt/mvp/src/server.ts [16ms]
2023-10-27 21:41:12.607 [info] > git cat-file -s 8e9d820d09852a92d7d54729fefe7c85bbee03e4 [12ms]
2023-10-27 21:41:21.596 [info] > git check-ignore -v -z --stdin [2ms]
2023-10-27 21:41:22.715 [info] > git check-ignore -v -z --stdin [2ms]
2023-10-27 21:41:24.011 [info] > git show --textconv :src/handlers/geolocate.ts [38ms]
2023-10-27 21:41:24.034 [info] > git ls-files --stage -- /home/karl/Code/strikt/mvp/src/handlers/geolocate.ts [26ms]
2023-10-27 21:41:24.066 [info] > git cat-file -s 73a334031d331cead360c1b13c5ef4044e2644f8 [9ms]
