["INFO" - 10:24:11 PM] Extension Name: esbenp.prettier-vscode.
["INFO" - 10:24:11 PM] Extension Version: 10.1.0.
["INFO" - 10:24:11 PM] Attempted to determine module path from /home/karl/Code/make-your-game/frontend
["ERROR" - 10:24:11 PM] Failed to load module. If you have prettier or plugins referenced in package.json, ensure you have run `npm install`
["ERROR" - 10:24:11 PM] Cannot find module 'prettier' from '/home/karl/Code/make-your-game/frontend'
Error: Cannot find module 'prettier' from '/home/karl/Code/make-your-game/frontend'
	at e.exports [as sync] (/home/karl/.vscode-oss/extensions/esbenp.prettier-vscode-10.1.0-universal/dist/extension.js:1:40995)
	at t.ModuleResolver.findPkg (/home/karl/.vscode-oss/extensions/esbenp.prettier-vscode-10.1.0-universal/dist/extension.js:1:8287)
	at t.ModuleResolver.getPrettierInstance (/home/karl/.vscode-oss/extensions/esbenp.prettier-vscode-10.1.0-universal/dist/extension.js:1:4588)
	at t.default.handleActiveTextEditorChanged (/home/karl/.vscode-oss/extensions/esbenp.prettier-vscode-10.1.0-universal/dist/extension.js:1:10771)
	at t.default.handleActiveTextEditorChangedSync (/home/karl/.vscode-oss/extensions/esbenp.prettier-vscode-10.1.0-universal/dist/extension.js:1:10373)
	at t.default.registerDisposables (/home/karl/.vscode-oss/extensions/esbenp.prettier-vscode-10.1.0-universal/dist/extension.js:1:13531)
	at /home/karl/.vscode-oss/extensions/esbenp.prettier-vscode-10.1.0-universal/dist/extension.js:1:82528
["INFO" - 10:27:04 PM] Attempted to determine module path from /home/karl/Code/make-your-game/frontend
["ERROR" - 10:27:04 PM] Failed to load module. If you have prettier or plugins referenced in package.json, ensure you have run `npm install`
["ERROR" - 10:27:04 PM] Cannot find module 'prettier' from '/home/karl/Code/make-your-game/frontend'
Error: Cannot find module 'prettier' from '/home/karl/Code/make-your-game/frontend'
	at e.exports [as sync] (/home/karl/.vscode-oss/extensions/esbenp.prettier-vscode-10.1.0-universal/dist/extension.js:1:40995)
	at t.ModuleResolver.findPkg (/home/karl/.vscode-oss/extensions/esbenp.prettier-vscode-10.1.0-universal/dist/extension.js:1:8287)
	at t.ModuleResolver.getPrettierInstance (/home/karl/.vscode-oss/extensions/esbenp.prettier-vscode-10.1.0-universal/dist/extension.js:1:4588)
	at t.default.handleActiveTextEditorChanged (/home/karl/.vscode-oss/extensions/esbenp.prettier-vscode-10.1.0-universal/dist/extension.js:1:10771)
	at s.handleActiveTextEditorChangedSync [as value] (/home/karl/.vscode-oss/extensions/esbenp.prettier-vscode-10.1.0-universal/dist/extension.js:1:10373)
	at c._deliver (/opt/vscodium/resources/app/out/vs/workbench/api/node/extensionHostProcess.js:80:2465)
	at c._deliverQueue (/opt/vscodium/resources/app/out/vs/workbench/api/node/extensionHostProcess.js:80:2556)
	at c.fire (/opt/vscodium/resources/app/out/vs/workbench/api/node/extensionHostProcess.js:80:2891)
	at s.value (/opt/vscodium/resources/app/out/vs/workbench/api/node/extensionHostProcess.js:129:19038)
	at c._deliver (/opt/vscodium/resources/app/out/vs/workbench/api/node/extensionHostProcess.js:80:2465)
	at c.fire (/opt/vscodium/resources/app/out/vs/workbench/api/node/extensionHostProcess.js:80:2784)
	at a.acceptDocumentsAndEditorsDelta (/opt/vscodium/resources/app/out/vs/workbench/api/node/extensionHostProcess.js:127:15776)
	at a.$acceptDocumentsAndEditorsDelta (/opt/vscodium/resources/app/out/vs/workbench/api/node/extensionHostProcess.js:127:13865)
	at i._doInvokeHandler (/opt/vscodium/resources/app/out/vs/workbench/api/node/extensionHostProcess.js:134:13722)
	at i._invokeHandler (/opt/vscodium/resources/app/out/vs/workbench/api/node/extensionHostProcess.js:134:13404)
	at i._receiveRequest (/opt/vscodium/resources/app/out/vs/workbench/api/node/extensionHostProcess.js:134:12171)
	at i._receiveOneMessage (/opt/vscodium/resources/app/out/vs/workbench/api/node/extensionHostProcess.js:134:10873)
	at s.value (/opt/vscodium/resources/app/out/vs/workbench/api/node/extensionHostProcess.js:134:8936)
	at c._deliver (/opt/vscodium/resources/app/out/vs/workbench/api/node/extensionHostProcess.js:80:2465)
	at c.fire (/opt/vscodium/resources/app/out/vs/workbench/api/node/extensionHostProcess.js:80:2784)
	at g.fire (/opt/vscodium/resources/app/out/vs/workbench/api/node/extensionHostProcess.js:96:16738)
	at s.value (/opt/vscodium/resources/app/out/vs/workbench/api/node/extensionHostProcess.js:153:9484)
	at c._deliver (/opt/vscodium/resources/app/out/vs/workbench/api/node/extensionHostProcess.js:80:2465)
	at c.fire (/opt/vscodium/resources/app/out/vs/workbench/api/node/extensionHostProcess.js:80:2784)
	at g.fire (/opt/vscodium/resources/app/out/vs/workbench/api/node/extensionHostProcess.js:96:16738)
	at MessagePortMain.<anonymous> (/opt/vscodium/resources/app/out/vs/workbench/api/node/extensionHostProcess.js:153:7561)
	at MessagePortMain.emit (node:events:513:28)
	at MessagePortMain._internalPort.emit (node:electron/js2c/utility_init:2:367)
["INFO" - 10:27:06 PM] Attempted to determine module path from /home/karl/Code/make-your-game/frontend
["ERROR" - 10:27:06 PM] Failed to load module. If you have prettier or plugins referenced in package.json, ensure you have run `npm install`
["ERROR" - 10:27:06 PM] Cannot find module 'prettier' from '/home/karl/Code/make-your-game/frontend'
Error: Cannot find module 'prettier' from '/home/karl/Code/make-your-game/frontend'
	at e.exports [as sync] (/home/karl/.vscode-oss/extensions/esbenp.prettier-vscode-10.1.0-universal/dist/extension.js:1:40995)
	at t.ModuleResolver.findPkg (/home/karl/.vscode-oss/extensions/esbenp.prettier-vscode-10.1.0-universal/dist/extension.js:1:8287)
	at t.ModuleResolver.getPrettierInstance (/home/karl/.vscode-oss/extensions/esbenp.prettier-vscode-10.1.0-universal/dist/extension.js:1:4588)
	at t.default.handleActiveTextEditorChanged (/home/karl/.vscode-oss/extensions/esbenp.prettier-vscode-10.1.0-universal/dist/extension.js:1:10771)
	at s.handleActiveTextEditorChangedSync [as value] (/home/karl/.vscode-oss/extensions/esbenp.prettier-vscode-10.1.0-universal/dist/extension.js:1:10373)
	at c._deliver (/opt/vscodium/resources/app/out/vs/workbench/api/node/extensionHostProcess.js:80:2465)
	at c._deliverQueue (/opt/vscodium/resources/app/out/vs/workbench/api/node/extensionHostProcess.js:80:2556)
	at c.fire (/opt/vscodium/resources/app/out/vs/workbench/api/node/extensionHostProcess.js:80:2891)
	at s.value (/opt/vscodium/resources/app/out/vs/workbench/api/node/extensionHostProcess.js:129:19038)
	at c._deliver (/opt/vscodium/resources/app/out/vs/workbench/api/node/extensionHostProcess.js:80:2465)
	at c.fire (/opt/vscodium/resources/app/out/vs/workbench/api/node/extensionHostProcess.js:80:2784)
	at a.acceptDocumentsAndEditorsDelta (/opt/vscodium/resources/app/out/vs/workbench/api/node/extensionHostProcess.js:127:15776)
	at a.$acceptDocumentsAndEditorsDelta (/opt/vscodium/resources/app/out/vs/workbench/api/node/extensionHostProcess.js:127:13865)
	at i._doInvokeHandler (/opt/vscodium/resources/app/out/vs/workbench/api/node/extensionHostProcess.js:134:13722)
	at i._invokeHandler (/opt/vscodium/resources/app/out/vs/workbench/api/node/extensionHostProcess.js:134:13404)
	at i._receiveRequest (/opt/vscodium/resources/app/out/vs/workbench/api/node/extensionHostProcess.js:134:12171)
	at i._receiveOneMessage (/opt/vscodium/resources/app/out/vs/workbench/api/node/extensionHostProcess.js:134:10873)
	at s.value (/opt/vscodium/resources/app/out/vs/workbench/api/node/extensionHostProcess.js:134:8936)
	at c._deliver (/opt/vscodium/resources/app/out/vs/workbench/api/node/extensionHostProcess.js:80:2465)
	at c.fire (/opt/vscodium/resources/app/out/vs/workbench/api/node/extensionHostProcess.js:80:2784)
	at g.fire (/opt/vscodium/resources/app/out/vs/workbench/api/node/extensionHostProcess.js:96:16738)
	at s.value (/opt/vscodium/resources/app/out/vs/workbench/api/node/extensionHostProcess.js:153:9484)
	at c._deliver (/opt/vscodium/resources/app/out/vs/workbench/api/node/extensionHostProcess.js:80:2465)
	at c.fire (/opt/vscodium/resources/app/out/vs/workbench/api/node/extensionHostProcess.js:80:2784)
	at g.fire (/opt/vscodium/resources/app/out/vs/workbench/api/node/extensionHostProcess.js:96:16738)
	at MessagePortMain.<anonymous> (/opt/vscodium/resources/app/out/vs/workbench/api/node/extensionHostProcess.js:153:7561)
	at MessagePortMain.emit (node:events:513:28)
	at MessagePortMain._internalPort.emit (node:electron/js2c/utility_init:2:367)
["INFO" - 10:27:07 PM] Attempted to determine module path from /home/karl/Code/make-your-game/frontend
["ERROR" - 10:27:07 PM] Failed to load module. If you have prettier or plugins referenced in package.json, ensure you have run `npm install`
["ERROR" - 10:27:07 PM] Cannot find module 'prettier' from '/home/karl/Code/make-your-game/frontend'
Error: Cannot find module 'prettier' from '/home/karl/Code/make-your-game/frontend'
	at e.exports [as sync] (/home/karl/.vscode-oss/extensions/esbenp.prettier-vscode-10.1.0-universal/dist/extension.js:1:40995)
	at t.ModuleResolver.findPkg (/home/karl/.vscode-oss/extensions/esbenp.prettier-vscode-10.1.0-universal/dist/extension.js:1:8287)
	at t.ModuleResolver.getPrettierInstance (/home/karl/.vscode-oss/extensions/esbenp.prettier-vscode-10.1.0-universal/dist/extension.js:1:4588)
	at t.default.handleActiveTextEditorChanged (/home/karl/.vscode-oss/extensions/esbenp.prettier-vscode-10.1.0-universal/dist/extension.js:1:10771)
	at s.handleActiveTextEditorChangedSync [as value] (/home/karl/.vscode-oss/extensions/esbenp.prettier-vscode-10.1.0-universal/dist/extension.js:1:10373)
	at c._deliver (/opt/vscodium/resources/app/out/vs/workbench/api/node/extensionHostProcess.js:80:2465)
	at c._deliverQueue (/opt/vscodium/resources/app/out/vs/workbench/api/node/extensionHostProcess.js:80:2556)
	at c.fire (/opt/vscodium/resources/app/out/vs/workbench/api/node/extensionHostProcess.js:80:2891)
	at s.value (/opt/vscodium/resources/app/out/vs/workbench/api/node/extensionHostProcess.js:129:19038)
	at c._deliver (/opt/vscodium/resources/app/out/vs/workbench/api/node/extensionHostProcess.js:80:2465)
	at c.fire (/opt/vscodium/resources/app/out/vs/workbench/api/node/extensionHostProcess.js:80:2784)
	at a.acceptDocumentsAndEditorsDelta (/opt/vscodium/resources/app/out/vs/workbench/api/node/extensionHostProcess.js:127:15776)
	at a.$acceptDocumentsAndEditorsDelta (/opt/vscodium/resources/app/out/vs/workbench/api/node/extensionHostProcess.js:127:13865)
	at i._doInvokeHandler (/opt/vscodium/resources/app/out/vs/workbench/api/node/extensionHostProcess.js:134:13722)
	at i._invokeHandler (/opt/vscodium/resources/app/out/vs/workbench/api/node/extensionHostProcess.js:134:13404)
	at i._receiveRequest (/opt/vscodium/resources/app/out/vs/workbench/api/node/extensionHostProcess.js:134:12171)
	at i._receiveOneMessage (/opt/vscodium/resources/app/out/vs/workbench/api/node/extensionHostProcess.js:134:10873)
	at s.value (/opt/vscodium/resources/app/out/vs/workbench/api/node/extensionHostProcess.js:134:8936)
	at c._deliver (/opt/vscodium/resources/app/out/vs/workbench/api/node/extensionHostProcess.js:80:2465)
	at c.fire (/opt/vscodium/resources/app/out/vs/workbench/api/node/extensionHostProcess.js:80:2784)
	at g.fire (/opt/vscodium/resources/app/out/vs/workbench/api/node/extensionHostProcess.js:96:16738)
	at s.value (/opt/vscodium/resources/app/out/vs/workbench/api/node/extensionHostProcess.js:153:9484)
	at c._deliver (/opt/vscodium/resources/app/out/vs/workbench/api/node/extensionHostProcess.js:80:2465)
	at c.fire (/opt/vscodium/resources/app/out/vs/workbench/api/node/extensionHostProcess.js:80:2784)
	at g.fire (/opt/vscodium/resources/app/out/vs/workbench/api/node/extensionHostProcess.js:96:16738)
	at MessagePortMain.<anonymous> (/opt/vscodium/resources/app/out/vs/workbench/api/node/extensionHostProcess.js:153:7561)
	at MessagePortMain.emit (node:events:513:28)
	at MessagePortMain._internalPort.emit (node:electron/js2c/utility_init:2:367)
