2023-11-02 22:24:11.227 [info] Log level: Info
2023-11-02 22:24:11.227 [info] Validating found git in: "git"
2023-11-02 22:24:11.227 [info] Using git "2.41.0" from "git"
2023-11-02 22:24:11.227 [info] > git rev-parse --show-toplevel [30ms]
2023-11-02 22:24:11.268 [info] > git rev-parse --show-toplevel [10ms]
2023-11-02 22:24:11.304 [info] > git rev-parse --show-toplevel [15ms]
2023-11-02 22:24:11.355 [info] > git rev-parse --show-toplevel [16ms]
2023-11-02 22:24:12.809 [info] > git rev-parse --show-toplevel [20ms]
2023-11-02 22:24:18.456 [info] > git rev-parse --show-toplevel [2ms]
2023-11-02 22:24:18.794 [info] > git rev-parse --show-toplevel [11ms]
2023-11-02 22:27:04.751 [info] > git rev-parse --show-toplevel [21ms]
2023-11-02 22:27:06.486 [info] > git rev-parse --show-toplevel [15ms]
2023-11-02 22:27:07.350 [info] > git rev-parse --show-toplevel [10ms]
2023-11-02 22:27:10.991 [info] > git rev-parse --show-toplevel [5ms]
2023-11-02 22:27:40.926 [info] Log level: Info
2023-11-02 22:27:40.926 [info] Validating found git in: "git"
2023-11-02 22:27:40.926 [info] Using git "2.41.0" from "git"
2023-11-02 22:27:40.926 [info] > git rev-parse --show-toplevel [3ms]
2023-11-02 22:27:40.928 [info] > git rev-parse --git-dir --git-common-dir [8ms]
2023-11-02 22:27:40.952 [info] Open repository: /home/karl/Code/make-your-game
2023-11-02 22:27:41.163 [info] > git rev-parse --show-toplevel [178ms]
2023-11-02 22:27:41.171 [info] > git config --get commit.template [196ms]
2023-11-02 22:27:41.284 [info] > git for-each-ref --format=%(refname)%00%(upstream:short)%00%(objectname)%00%(upstream:track)%00%(upstream:remotename)%00%(upstream:remoteref) refs/heads/backend refs/remotes/backend [9ms]
2023-11-02 22:27:41.301 [info] > git status -z -uall [6ms]
2023-11-02 22:27:41.341 [info] > git config --get commit.template [5ms]
2023-11-02 22:27:41.360 [info] > git for-each-ref --format=%(refname)%00%(upstream:short)%00%(objectname)%00%(upstream:track)%00%(upstream:remotename)%00%(upstream:remoteref) refs/heads/backend refs/remotes/backend [6ms]
2023-11-02 22:27:41.377 [info] > git status -z -uall [4ms]
2023-11-02 22:27:41.660 [info] > git check-ignore -v -z --stdin [4ms]
2023-11-02 22:27:45.334 [info] > git check-ignore -v -z --stdin [3ms]
2023-11-02 22:27:45.876 [info] > git config --get commit.template [3ms]
2023-11-02 22:27:45.893 [info] > git for-each-ref --format=%(refname)%00%(upstream:short)%00%(objectname)%00%(upstream:track)%00%(upstream:remotename)%00%(upstream:remoteref) refs/heads/backend refs/remotes/backend [3ms]
2023-11-02 22:27:45.909 [info] > git status -z -uall [5ms]
2023-11-02 22:27:47.542 [info] > git check-ignore -v -z --stdin [3ms]
2023-11-02 22:29:18.083 [info] > git check-ignore -v -z --stdin [3ms]
2023-11-02 22:32:18.959 [info] > git config --get commit.template [3ms]
2023-11-02 22:32:18.971 [info] > git for-each-ref --format=%(refname)%00%(upstream:short)%00%(objectname)%00%(upstream:track)%00%(upstream:remotename)%00%(upstream:remoteref) refs/heads/backend refs/remotes/backend [3ms]
2023-11-02 22:32:18.986 [info] > git status -z -uall [6ms]
2023-11-02 22:32:31.017 [info] > git config --get commit.template [16ms]
2023-11-02 22:32:31.018 [info] > git for-each-ref --format=%(refname)%00%(upstream:short)%00%(objectname)%00%(upstream:track)%00%(upstream:remotename)%00%(upstream:remoteref) refs/heads/backend refs/remotes/backend [3ms]
2023-11-02 22:32:31.029 [info] > git status -z -uall [3ms]
2023-11-02 22:32:33.924 [info] > git check-ignore -v -z --stdin [3ms]
2023-11-02 22:32:34.473 [info] > git show --textconv :backend/go.mod [16ms]
2023-11-02 22:32:34.478 [info] > git ls-files --stage -- /home/karl/Code/make-your-game/backend/go.mod [6ms]
2023-11-02 22:32:34.821 [info] > git show --textconv :backend/main.go [11ms]
2023-11-02 22:32:34.824 [info] > git ls-files --stage -- /home/karl/Code/make-your-game/backend/main.go [5ms]
2023-11-02 22:32:41.630 [info] > git config --get commit.template [3ms]
2023-11-02 22:32:41.648 [info] > git for-each-ref --format=%(refname)%00%(upstream:short)%00%(objectname)%00%(upstream:track)%00%(upstream:remotename)%00%(upstream:remoteref) refs/heads/backend refs/remotes/backend [3ms]
2023-11-02 22:32:41.657 [info] > git status -z -uall [3ms]
2023-11-02 22:33:15.020 [info] > git config --get commit.template [3ms]
2023-11-02 22:33:15.036 [info] > git for-each-ref --format=%(refname)%00%(upstream:short)%00%(objectname)%00%(upstream:track)%00%(upstream:remotename)%00%(upstream:remoteref) refs/heads/backend refs/remotes/backend [3ms]
2023-11-02 22:33:15.050 [info] > git status -z -uall [4ms]
2023-11-02 22:33:28.949 [info] > git config --get commit.template [13ms]
2023-11-02 22:33:28.951 [info] > git for-each-ref --format=%(refname)%00%(upstream:short)%00%(objectname)%00%(upstream:track)%00%(upstream:remotename)%00%(upstream:remoteref) refs/heads/backend refs/remotes/backend [3ms]
2023-11-02 22:33:28.966 [info] > git status -z -uall [6ms]
2023-11-02 22:47:46.515 [info] > git config --get commit.template [5ms]
2023-11-02 22:47:46.527 [info] > git for-each-ref --format=%(refname)%00%(upstream:short)%00%(objectname)%00%(upstream:track)%00%(upstream:remotename)%00%(upstream:remoteref) refs/heads/backend refs/remotes/backend [2ms]
2023-11-02 22:47:46.542 [info] > git status -z -uall [6ms]
2023-11-02 22:47:54.405 [info] > git config --get commit.template [4ms]
2023-11-02 22:47:54.416 [info] > git for-each-ref --format=%(refname)%00%(upstream:short)%00%(objectname)%00%(upstream:track)%00%(upstream:remotename)%00%(upstream:remoteref) refs/heads/backend refs/remotes/backend [2ms]
2023-11-02 22:47:54.428 [info] > git status -z -uall [3ms]
2023-11-02 22:49:19.324 [info] > git config --get commit.template [12ms]
2023-11-02 22:49:19.326 [info] > git for-each-ref --format=%(refname)%00%(upstream:short)%00%(objectname)%00%(upstream:track)%00%(upstream:remotename)%00%(upstream:remoteref) refs/heads/backend refs/remotes/backend [3ms]
2023-11-02 22:49:19.343 [info] > git status -z -uall [4ms]
2023-11-02 22:49:34.834 [info] > git config --get commit.template [3ms]
2023-11-02 22:49:34.849 [info] > git for-each-ref --format=%(refname)%00%(upstream:short)%00%(objectname)%00%(upstream:track)%00%(upstream:remotename)%00%(upstream:remoteref) refs/heads/backend refs/remotes/backend [3ms]
2023-11-02 22:49:34.864 [info] > git status -z -uall [5ms]
2023-11-02 22:50:05.591 [info] > git config --get commit.template [5ms]
2023-11-02 22:50:05.604 [info] > git for-each-ref --format=%(refname)%00%(upstream:short)%00%(objectname)%00%(upstream:track)%00%(upstream:remotename)%00%(upstream:remoteref) refs/heads/backend refs/remotes/backend [3ms]
2023-11-02 22:50:05.618 [info] > git status -z -uall [4ms]
2023-11-02 22:50:13.627 [info] > git config --get commit.template [3ms]
2023-11-02 22:50:13.643 [info] > git for-each-ref --format=%(refname)%00%(upstream:short)%00%(objectname)%00%(upstream:track)%00%(upstream:remotename)%00%(upstream:remoteref) refs/heads/backend refs/remotes/backend [4ms]
2023-11-02 22:50:13.656 [info] > git status -z -uall [5ms]
2023-11-02 22:50:42.280 [info] > git config --get commit.template [14ms]
2023-11-02 22:50:42.283 [info] > git for-each-ref --format=%(refname)%00%(upstream:short)%00%(objectname)%00%(upstream:track)%00%(upstream:remotename)%00%(upstream:remoteref) refs/heads/backend refs/remotes/backend [3ms]
2023-11-02 22:50:42.297 [info] > git status -z -uall [4ms]
2023-11-02 22:50:57.945 [info] > git config --get commit.template [13ms]
2023-11-02 22:50:57.947 [info] > git for-each-ref --format=%(refname)%00%(upstream:short)%00%(objectname)%00%(upstream:track)%00%(upstream:remotename)%00%(upstream:remoteref) refs/heads/backend refs/remotes/backend [3ms]
2023-11-02 22:50:57.962 [info] > git status -z -uall [4ms]
2023-11-02 22:51:41.239 [info] > git config --get commit.template [14ms]
2023-11-02 22:51:41.241 [info] > git for-each-ref --format=%(refname)%00%(upstream:short)%00%(objectname)%00%(upstream:track)%00%(upstream:remotename)%00%(upstream:remoteref) refs/heads/backend refs/remotes/backend [3ms]
2023-11-02 22:51:41.251 [info] > git status -z -uall [4ms]
2023-11-02 22:51:51.471 [info] > git config --get commit.template [14ms]
2023-11-02 22:51:51.472 [info] > git for-each-ref --format=%(refname)%00%(upstream:short)%00%(objectname)%00%(upstream:track)%00%(upstream:remotename)%00%(upstream:remoteref) refs/heads/backend refs/remotes/backend [4ms]
2023-11-02 22:51:51.488 [info] > git status -z -uall [5ms]
2023-11-02 22:52:06.713 [info] > git config --get commit.template [5ms]
2023-11-02 22:52:06.723 [info] > git for-each-ref --format=%(refname)%00%(upstream:short)%00%(objectname)%00%(upstream:track)%00%(upstream:remotename)%00%(upstream:remoteref) refs/heads/backend refs/remotes/backend [2ms]
2023-11-02 22:52:06.736 [info] > git status -z -uall [3ms]
2023-11-02 22:52:17.128 [info] > git config --get commit.template [14ms]
2023-11-02 22:52:17.130 [info] > git for-each-ref --format=%(refname)%00%(upstream:short)%00%(objectname)%00%(upstream:track)%00%(upstream:remotename)%00%(upstream:remoteref) refs/heads/backend refs/remotes/backend [3ms]
2023-11-02 22:52:17.140 [info] > git status -z -uall [4ms]
2023-11-02 22:53:09.979 [info] > git config --get commit.template [10ms]
2023-11-02 22:53:09.981 [info] > git for-each-ref --format=%(refname)%00%(upstream:short)%00%(objectname)%00%(upstream:track)%00%(upstream:remotename)%00%(upstream:remoteref) refs/heads/backend refs/remotes/backend [2ms]
2023-11-02 22:53:09.992 [info] > git status -z -uall [3ms]
2023-11-02 22:53:10.035 [info] > git ls-files --stage -- /home/karl/Code/make-your-game/backend/main.go [3ms]
2023-11-02 22:53:10.044 [info] > git cat-file -s f7e0b73008bc3a4d334a3c14e5b1c06fa4faf38b [3ms]
2023-11-02 22:53:10.067 [info] > git show --textconv :backend/main.go [2ms]
2023-11-02 22:55:18.027 [info] > git config --get commit.template [10ms]
2023-11-02 22:55:18.028 [info] > git for-each-ref --format=%(refname)%00%(upstream:short)%00%(objectname)%00%(upstream:track)%00%(upstream:remotename)%00%(upstream:remoteref) refs/heads/backend refs/remotes/backend [3ms]
2023-11-02 22:55:18.039 [info] > git status -z -uall [4ms]
2023-11-02 23:01:44.321 [info] > git show --textconv :README.md [28ms]
2023-11-02 23:01:44.324 [info] > git ls-files --stage -- /home/karl/Code/make-your-game/README.md [4ms]
2023-11-02 23:01:44.345 [info] > git cat-file -s 1644ef95be0a250bc57865f1dde53c313975d6f0 [5ms]
2023-11-02 23:01:45.954 [info] > git show --textconv :backend/main.go [14ms]
2023-11-02 23:01:45.957 [info] > git ls-files --stage -- /home/karl/Code/make-your-game/backend/main.go [4ms]
2023-11-02 23:01:45.968 [info] > git cat-file -s f7e0b73008bc3a4d334a3c14e5b1c06fa4faf38b [3ms]
2023-11-02 23:02:44.329 [info] > git show --textconv :Makefile [15ms]
2023-11-02 23:02:44.333 [info] > git ls-files --stage -- /home/karl/Code/make-your-game/Makefile [6ms]
2023-11-02 23:02:44.347 [info] > git cat-file -s 297008cd90c7efd081b59a9c7245dd076ee7e43f [3ms]
