2023-10-27 19:48:58.484 [info] Log level: Info
2023-10-27 19:48:58.484 [info] Validating found git in: "git"
2023-10-27 19:48:58.538 [info] Using git "2.41.0" from "git"
2023-10-27 19:50:42.049 [info] Log level: Info
2023-10-27 19:50:42.049 [info] Validating found git in: "git"
2023-10-27 19:50:42.049 [info] Using git "2.41.0" from "git"
2023-10-27 19:50:42.065 [info] > git rev-parse --show-toplevel [13ms]
2023-10-27 19:50:42.066 [info] fatal: not a git repository (or any of the parent directories): .git
2023-10-27 19:50:42.498 [info] > git rev-parse --show-toplevel [2ms]
2023-10-27 19:50:42.498 [info] fatal: not a git repository (or any of the parent directories): .git
2023-10-27 19:50:42.726 [info] > git rev-parse --show-toplevel [2ms]
2023-10-27 19:50:42.726 [info] fatal: not a git repository (or any of the parent directories): .git
2023-10-27 19:52:16.195 [info] > git rev-parse --show-toplevel [3ms]
2023-10-27 19:52:16.206 [info] > git rev-parse --git-dir --git-common-dir [2ms]
2023-10-27 19:52:16.242 [info] Open repository: /home/karl/Code/strikt/mvp
2023-10-27 19:52:16.265 [info] > git config --get commit.template [7ms]
2023-10-27 19:52:16.281 [info] > git for-each-ref --format=%(refname)%00%(upstream:short)%00%(objectname)%00%(upstream:track)%00%(upstream:remotename)%00%(upstream:remoteref) refs/heads/master refs/remotes/master [4ms]
2023-10-27 19:52:16.293 [info] > git status -z -uall [3ms]
2023-10-27 19:52:16.326 [info] > git config --get commit.template [6ms]
2023-10-27 19:52:16.450 [info] > git for-each-ref --format=%(refname)%00%(upstream:short)%00%(objectname)%00%(upstream:track)%00%(upstream:remotename)%00%(upstream:remoteref) refs/heads/master refs/remotes/master [8ms]
2023-10-27 19:52:16.462 [info] > git status -z -uall [5ms]
2023-10-27 19:52:16.762 [info] > git check-ignore -v -z --stdin [5ms]
2023-10-27 19:52:27.969 [info] > git config --get commit.template [4ms]
2023-10-27 19:52:27.981 [info] > git for-each-ref --format=%(refname)%00%(upstream:short)%00%(objectname)%00%(upstream:track)%00%(upstream:remotename)%00%(upstream:remoteref) refs/heads/master refs/remotes/master [2ms]
2023-10-27 19:52:27.990 [info] > git status -z -uall [2ms]
2023-10-27 19:55:19.576 [info] > git config --get commit.template [4ms]
2023-10-27 19:55:19.586 [info] > git for-each-ref --format=%(refname)%00%(upstream:short)%00%(objectname)%00%(upstream:track)%00%(upstream:remotename)%00%(upstream:remoteref) refs/heads/main refs/remotes/main [2ms]
2023-10-27 19:55:19.598 [info] > git status -z -uall [5ms]
2023-10-27 19:55:26.236 [info] > git check-ignore -v -z --stdin [3ms]
2023-10-27 19:55:43.619 [info] Log level: Info
2023-10-27 19:55:43.619 [info] Validating found git in: "git"
2023-10-27 19:55:43.619 [info] Using git "2.41.0" from "git"
2023-10-27 19:55:43.628 [info] > git rev-parse --show-toplevel [14ms]
2023-10-27 19:55:43.657 [info] > git rev-parse --git-dir --git-common-dir [2ms]
2023-10-27 19:55:43.684 [info] Open repository: /home/karl/Code/strikt/mvp
2023-10-27 19:55:43.707 [info] > git config --get commit.template [9ms]
2023-10-27 19:55:43.709 [info] > git rev-parse --show-toplevel [5ms]
2023-10-27 19:55:43.727 [info] > git for-each-ref --format=%(refname)%00%(upstream:short)%00%(objectname)%00%(upstream:track)%00%(upstream:remotename)%00%(upstream:remoteref) refs/heads/main refs/remotes/main [10ms]
2023-10-27 19:55:43.743 [info] > git rev-parse --show-toplevel [18ms]
2023-10-27 19:55:43.764 [info] > git status -z -uall [24ms]
2023-10-27 19:55:43.797 [info] > git rev-parse --show-toplevel [35ms]
2023-10-27 19:55:43.828 [info] > git config --get commit.template [32ms]
2023-10-27 19:55:43.870 [info] > git for-each-ref --format=%(refname)%00%(upstream:short)%00%(objectname)%00%(upstream:track)%00%(upstream:remotename)%00%(upstream:remoteref) refs/heads/main refs/remotes/main [11ms]
2023-10-27 19:55:43.921 [info] > git status -z -uall [38ms]
2023-10-27 19:55:44.431 [info] > git check-ignore -v -z --stdin [5ms]
2023-10-27 19:55:55.740 [info] > git show --textconv :.env.example [23ms]
2023-10-27 19:55:55.747 [info] > git ls-files --stage -- /home/karl/Code/strikt/mvp/.env.example [7ms]
2023-10-27 19:55:55.762 [info] > git cat-file -s 75dfa48d3a16444de0329fffe1e1fd064885695c [5ms]
2023-10-27 19:55:56.937 [info] > git show --textconv :babel.config.js [18ms]
2023-10-27 19:55:56.943 [info] > git ls-files --stage -- /home/karl/Code/strikt/mvp/babel.config.js [7ms]
2023-10-27 19:55:56.955 [info] > git cat-file -s a50f0807c896870b497ab9c512b3746321d9078e [3ms]
2023-10-27 19:56:01.162 [info] > git show --textconv :jest.config.ts [22ms]
2023-10-27 19:56:01.178 [info] > git ls-files --stage -- /home/karl/Code/strikt/mvp/jest.config.ts [18ms]
2023-10-27 19:56:01.206 [info] > git cat-file -s b7a2a7797f3e6e4e153b4b0d7acf321db0f53eb4 [16ms]
2023-10-27 19:56:03.810 [info] > git check-ignore -v -z --stdin [4ms]
2023-10-27 19:56:05.725 [info] > git check-ignore -v -z --stdin [3ms]
2023-10-27 19:56:06.945 [info] > git check-ignore -v -z --stdin [3ms]
2023-10-27 19:56:08.729 [info] > git check-ignore -v -z --stdin [3ms]
2023-10-27 19:56:12.098 [info] > git show --textconv :src/storage/controller.ts [15ms]
2023-10-27 19:56:12.101 [info] > git ls-files --stage -- /home/karl/Code/strikt/mvp/src/storage/controller.ts [6ms]
2023-10-27 19:56:12.133 [info] > git cat-file -s e106730b19454ec5f0ebfd6f1985ce2ab46fc110 [6ms]
2023-10-27 19:56:13.685 [info] > git show --textconv :src/storage/model.ts [28ms]
2023-10-27 19:56:13.697 [info] > git ls-files --stage -- /home/karl/Code/strikt/mvp/src/storage/model.ts [17ms]
2023-10-27 19:56:13.710 [info] > git cat-file -s a3c6cacfddb3a309f2f449a8772448fc717a3701 [3ms]
2023-10-27 19:57:40.807 [info] > git show --textconv :.swcrc [88ms]
2023-10-27 19:57:40.815 [info] > git ls-files --stage -- /home/karl/Code/strikt/mvp/.swcrc [68ms]
2023-10-27 19:57:40.844 [info] > git cat-file -s 4e3f991173e6b58746ed61687128eac240d4a6b1 [10ms]
2023-10-27 19:57:45.668 [info] > git show --textconv :tsconfig.json [20ms]
2023-10-27 19:57:45.676 [info] > git ls-files --stage -- /home/karl/Code/strikt/mvp/tsconfig.json [10ms]
2023-10-27 19:57:45.697 [info] > git cat-file -s 4033670b3d29907e7c45c8972b5b7b30fc45a1a3 [9ms]
2023-10-27 19:57:49.761 [info] > git show --textconv :package.json [58ms]
2023-10-27 19:57:49.762 [info] > git ls-files --stage -- /home/karl/Code/strikt/mvp/package.json [31ms]
2023-10-27 19:57:49.789 [info] > git cat-file -s ad307d189e97daba10bd52e5c7a46968a2830e73 [4ms]
2023-10-27 19:57:50.944 [info] > git show --textconv :jest.config.ts [36ms]
2023-10-27 19:57:50.945 [info] > git ls-files --stage -- /home/karl/Code/strikt/mvp/jest.config.ts [21ms]
2023-10-27 19:57:50.961 [info] > git cat-file -s b7a2a7797f3e6e4e153b4b0d7acf321db0f53eb4 [7ms]
2023-10-27 19:57:55.108 [info] > git check-ignore -v -z --stdin [2ms]
2023-10-27 19:57:55.805 [info] > git check-ignore -v -z --stdin [3ms]
2023-10-27 19:57:56.121 [info] > git show --textconv :.github/dependabot.yml [16ms]
2023-10-27 19:57:56.124 [info] > git ls-files --stage -- /home/karl/Code/strikt/mvp/.github/dependabot.yml [6ms]
2023-10-27 19:57:56.145 [info] > git cat-file -s c5598886f4989c7cc275200c3a82b550ce050390 [5ms]
2023-10-27 19:58:15.814 [info] > git config --get commit.template [2ms]
2023-10-27 19:58:15.824 [info] > git for-each-ref --format=%(refname)%00%(upstream:short)%00%(objectname)%00%(upstream:track)%00%(upstream:remotename)%00%(upstream:remoteref) refs/heads/main refs/remotes/main [3ms]
2023-10-27 19:58:15.844 [info] > git status -z -uall [9ms]
2023-10-27 19:58:19.334 [info] > git show --textconv :.idea/.gitignore [13ms]
2023-10-27 19:58:19.337 [info] > git ls-files --stage -- /home/karl/Code/strikt/mvp/.idea/.gitignore [4ms]
2023-10-27 19:58:19.351 [info] > git cat-file -s b58b603fea78041071d125a30db58d79b3d49217 [4ms]
2023-10-27 19:58:22.297 [info] > git show --textconv :.idea/mvp.iml [14ms]
2023-10-27 19:58:22.301 [info] > git ls-files --stage -- /home/karl/Code/strikt/mvp/.idea/mvp.iml [5ms]
2023-10-27 19:58:22.313 [info] > git cat-file -s 24643cc37449b4bde54411a80b8ed61258225e34 [2ms]
2023-10-27 19:58:23.240 [info] > git show --textconv :.idea/vcs.xml [16ms]
2023-10-27 19:58:23.243 [info] > git ls-files --stage -- /home/karl/Code/strikt/mvp/.idea/vcs.xml [5ms]
2023-10-27 19:58:23.264 [info] > git cat-file -s 35eb1ddfbbc029bcab630581847471d7f238ec53 [4ms]
2023-10-27 19:58:29.911 [info] > git show --textconv :.gitignore [16ms]
2023-10-27 19:58:29.914 [info] > git ls-files --stage -- /home/karl/Code/strikt/mvp/.gitignore [5ms]
2023-10-27 19:58:29.930 [info] > git cat-file -s bc406ea63e82d319bc47ab33d5caa42d0e45b979 [6ms]
2023-10-27 19:58:39.575 [info] > git check-ignore -v -z --stdin [4ms]
2023-10-27 19:58:39.939 [info] > git config --get commit.template [5ms]
2023-10-27 19:58:39.953 [info] > git for-each-ref --format=%(refname)%00%(upstream:short)%00%(objectname)%00%(upstream:track)%00%(upstream:remotename)%00%(upstream:remoteref) refs/heads/main refs/remotes/main [1ms]
2023-10-27 19:58:39.971 [info] > git status -z -uall [7ms]
2023-10-27 19:58:48.017 [info] > git show --textconv :.github/dependabot.yml [45ms]
2023-10-27 19:58:48.030 [info] > git ls-files --stage -- /home/karl/Code/strikt/mvp/.github/dependabot.yml [15ms]
2023-10-27 19:58:48.068 [info] > git cat-file -s c5598886f4989c7cc275200c3a82b550ce050390 [17ms]
2023-10-27 19:58:51.044 [info] > git check-ignore -v -z --stdin [2ms]
2023-10-27 19:58:51.045 [info] > git for-each-ref --format=%(refname)%00%(upstream:short)%00%(objectname)%00%(upstream:track)%00%(upstream:remotename)%00%(upstream:remoteref) refs/heads/main refs/remotes/main [17ms]
2023-10-27 19:58:51.046 [info] > git config --get commit.template [36ms]
2023-10-27 19:58:51.091 [info] > git status -z -uall [34ms]
2023-10-27 19:58:56.099 [info] > git show --textconv :yarn.lock [11ms]
2023-10-27 19:58:56.102 [info] > git ls-files --stage -- /home/karl/Code/strikt/mvp/yarn.lock [4ms]
2023-10-27 19:58:59.809 [info] > git show --textconv :.github/dependabot.yml [13ms]
2023-10-27 19:58:59.812 [info] > git ls-files --stage -- /home/karl/Code/strikt/mvp/.github/dependabot.yml [5ms]
2023-10-27 19:58:59.822 [info] > git cat-file -s c5598886f4989c7cc275200c3a82b550ce050390 [2ms]
2023-10-27 19:59:02.689 [info] > git show --textconv :.gitignore [15ms]
2023-10-27 19:59:02.692 [info] > git ls-files --stage -- /home/karl/Code/strikt/mvp/.gitignore [5ms]
2023-10-27 19:59:02.704 [info] > git cat-file -s bc406ea63e82d319bc47ab33d5caa42d0e45b979 [2ms]
2023-10-27 19:59:13.482 [info] > git config --get commit.template [10ms]
2023-10-27 19:59:13.483 [info] > git for-each-ref --format=%(refname)%00%(upstream:short)%00%(objectname)%00%(upstream:track)%00%(upstream:remotename)%00%(upstream:remoteref) refs/heads/main refs/remotes/main [2ms]
2023-10-27 19:59:13.499 [info] > git status -z -uall [7ms]
2023-10-27 19:59:13.528 [info] > git check-ignore -v -z --stdin [1ms]
2023-10-27 19:59:27.864 [info] > git config --get commit.template [15ms]
2023-10-27 19:59:27.866 [info] > git for-each-ref --format=%(refname)%00%(upstream:short)%00%(objectname)%00%(upstream:track)%00%(upstream:remotename)%00%(upstream:remoteref) refs/heads/main refs/remotes/main [3ms]
2023-10-27 19:59:27.886 [info] > git status -z -uall [8ms]
2023-10-27 19:59:29.691 [info] > git check-ignore -v -z --stdin [4ms]
2023-10-27 19:59:37.494 [info] > git show --textconv :.swcrc [11ms]
2023-10-27 19:59:37.497 [info] > git ls-files --stage -- /home/karl/Code/strikt/mvp/.swcrc [3ms]
2023-10-27 19:59:37.508 [info] > git cat-file -s 4e3f991173e6b58746ed61687128eac240d4a6b1 [2ms]
2023-10-27 19:59:39.929 [info] > git show --textconv :package.json [15ms]
2023-10-27 19:59:39.934 [info] > git ls-files --stage -- /home/karl/Code/strikt/mvp/package.json [7ms]
2023-10-27 19:59:39.946 [info] > git cat-file -s ad307d189e97daba10bd52e5c7a46968a2830e73 [3ms]
2023-10-27 19:59:47.387 [info] > git config --get commit.template [13ms]
2023-10-27 19:59:47.389 [info] > git for-each-ref --format=%(refname)%00%(upstream:short)%00%(objectname)%00%(upstream:track)%00%(upstream:remotename)%00%(upstream:remoteref) refs/heads/main refs/remotes/main [4ms]
2023-10-27 19:59:47.406 [info] > git status -z -uall [5ms]
2023-10-27 19:59:55.104 [info] > git show --textconv :README.md [14ms]
2023-10-27 19:59:55.108 [info] > git ls-files --stage -- /home/karl/Code/strikt/mvp/README.md [8ms]
2023-10-27 19:59:55.125 [info] > git cat-file -s c9d5639e3f6f08d1459d4386a3506f153c938448 [4ms]
2023-10-27 20:00:41.210 [info] > git config --get commit.template [2ms]
2023-10-27 20:00:41.219 [info] > git for-each-ref --format=%(refname)%00%(upstream:short)%00%(objectname)%00%(upstream:track)%00%(upstream:remotename)%00%(upstream:remoteref) refs/heads/main refs/remotes/main [2ms]
2023-10-27 20:00:41.234 [info] > git status -z -uall [5ms]
2023-10-27 20:00:41.258 [info] > git check-ignore -v -z --stdin [3ms]
2023-10-27 20:00:54.826 [info] > git config --get commit.template [15ms]
2023-10-27 20:00:54.827 [info] > git for-each-ref --format=%(refname)%00%(upstream:short)%00%(objectname)%00%(upstream:track)%00%(upstream:remotename)%00%(upstream:remoteref) refs/heads/main refs/remotes/main [3ms]
2023-10-27 20:00:54.847 [info] > git status -z -uall [7ms]
2023-10-27 20:02:02.574 [info] > git config --get commit.template [4ms]
2023-10-27 20:02:02.591 [info] > git for-each-ref --format=%(refname)%00%(upstream:short)%00%(objectname)%00%(upstream:track)%00%(upstream:remotename)%00%(upstream:remoteref) refs/heads/main refs/remotes/main [3ms]
2023-10-27 20:02:02.609 [info] > git status -z -uall [6ms]
2023-10-27 20:02:29.236 [info] > git config --get commit.template [5ms]
2023-10-27 20:02:29.252 [info] > git for-each-ref --format=%(refname)%00%(upstream:short)%00%(objectname)%00%(upstream:track)%00%(upstream:remotename)%00%(upstream:remoteref) refs/heads/main refs/remotes/main [3ms]
2023-10-27 20:02:29.271 [info] > git status -z -uall [6ms]
2023-10-27 20:02:50.901 [info] > git config --get commit.template [12ms]
2023-10-27 20:02:50.902 [info] > git for-each-ref --format=%(refname)%00%(upstream:short)%00%(objectname)%00%(upstream:track)%00%(upstream:remotename)%00%(upstream:remoteref) refs/heads/main refs/remotes/main [3ms]
2023-10-27 20:02:50.915 [info] > git status -z -uall [5ms]
2023-10-27 20:02:58.418 [info] > git config --get commit.template [11ms]
2023-10-27 20:02:58.420 [info] > git for-each-ref --format=%(refname)%00%(upstream:short)%00%(objectname)%00%(upstream:track)%00%(upstream:remotename)%00%(upstream:remoteref) refs/heads/main refs/remotes/main [3ms]
2023-10-27 20:02:58.435 [info] > git status -z -uall [6ms]
2023-10-27 20:03:07.014 [info] > git show --textconv :.env.example [13ms]
2023-10-27 20:03:07.018 [info] > git ls-files --stage -- /home/karl/Code/strikt/mvp/.env.example [5ms]
2023-10-27 20:03:07.031 [info] > git cat-file -s 75dfa48d3a16444de0329fffe1e1fd064885695c [2ms]
2023-10-27 20:03:39.296 [info] > git show --textconv :src/index.ts [13ms]
2023-10-27 20:03:39.298 [info] > git ls-files --stage -- /home/karl/Code/strikt/mvp/src/index.ts [4ms]
2023-10-27 20:03:39.308 [info] > git cat-file -s 512ec343dd929bf1ac3852527ae4b2c86d059c1c [3ms]
2023-10-27 20:03:45.917 [info] > git check-ignore -v -z --stdin [2ms]
2023-10-27 20:03:46.866 [info] > git show --textconv :src/handlers/dns.ts [12ms]
2023-10-27 20:03:46.866 [info] > git ls-files --stage -- /home/karl/Code/strikt/mvp/src/handlers/dns.ts [2ms]
2023-10-27 20:03:46.878 [info] > git cat-file -s 3bffd40136a23f08a4048438771a02ac574c6d75 [3ms]
2023-10-27 20:03:47.386 [info] > git show --textconv :src/handlers/geolocate.ts [12ms]
2023-10-27 20:03:47.388 [info] > git ls-files --stage -- /home/karl/Code/strikt/mvp/src/handlers/geolocate.ts [3ms]
2023-10-27 20:03:47.399 [info] > git cat-file -s 73a334031d331cead360c1b13c5ef4044e2644f8 [2ms]
2023-10-27 20:04:25.763 [info] > git check-ignore -v -z --stdin [5ms]
2023-10-27 20:04:37.097 [info] > git config --get commit.template [16ms]
2023-10-27 20:04:37.099 [info] > git for-each-ref --format=%(refname)%00%(upstream:short)%00%(objectname)%00%(upstream:track)%00%(upstream:remotename)%00%(upstream:remoteref) refs/heads/main refs/remotes/main [3ms]
2023-10-27 20:04:37.114 [info] > git status -z -uall [4ms]
2023-10-27 20:04:42.141 [info] > git config --get commit.template [3ms]
2023-10-27 20:04:42.153 [info] > git for-each-ref --format=%(refname)%00%(upstream:short)%00%(objectname)%00%(upstream:track)%00%(upstream:remotename)%00%(upstream:remoteref) refs/heads/main refs/remotes/main [2ms]
2023-10-27 20:04:42.166 [info] > git status -z -uall [4ms]
2023-10-27 20:04:57.532 [info] > git config --get commit.template [15ms]
2023-10-27 20:04:57.535 [info] > git for-each-ref --format=%(refname)%00%(upstream:short)%00%(objectname)%00%(upstream:track)%00%(upstream:remotename)%00%(upstream:remoteref) refs/heads/main refs/remotes/main [3ms]
2023-10-27 20:04:57.553 [info] > git status -z -uall [7ms]
2023-10-27 20:05:10.255 [info] > git config --get commit.template [4ms]
2023-10-27 20:05:10.272 [info] > git for-each-ref --format=%(refname)%00%(upstream:short)%00%(objectname)%00%(upstream:track)%00%(upstream:remotename)%00%(upstream:remoteref) refs/heads/main refs/remotes/main [3ms]
2023-10-27 20:05:10.290 [info] > git status -z -uall [6ms]
2023-10-27 20:05:26.818 [info] > git show --textconv :data/geolocate.mmdb [15ms]
2023-10-27 20:05:26.821 [info] > git ls-files --stage -- /home/karl/Code/strikt/mvp/data/geolocate.mmdb [4ms]
2023-10-27 20:05:32.516 [info] > git show --textconv :src/handlers/geolocate.ts [12ms]
2023-10-27 20:05:32.520 [info] > git ls-files --stage -- /home/karl/Code/strikt/mvp/src/handlers/geolocate.ts [3ms]
2023-10-27 20:05:32.535 [info] > git cat-file -s 73a334031d331cead360c1b13c5ef4044e2644f8 [5ms]
2023-10-27 20:05:48.715 [info] > git check-ignore -v -z --stdin [3ms]
2023-10-27 20:05:49.253 [info] > git config --get commit.template [17ms]
2023-10-27 20:05:49.255 [info] > git for-each-ref --format=%(refname)%00%(upstream:short)%00%(objectname)%00%(upstream:track)%00%(upstream:remotename)%00%(upstream:remoteref) refs/heads/main refs/remotes/main [2ms]
2023-10-27 20:05:49.270 [info] > git status -z -uall [5ms]
2023-10-27 20:05:50.724 [info] > git show --textconv :src/handlers/geolocate.ts [16ms]
2023-10-27 20:05:50.726 [info] > git ls-files --stage -- /home/karl/Code/strikt/mvp/src/handlers/geolocate.ts [5ms]
2023-10-27 20:05:50.738 [info] > git cat-file -s 73a334031d331cead360c1b13c5ef4044e2644f8 [3ms]
2023-10-27 20:06:02.868 [info] > git config --get commit.template [2ms]
2023-10-27 20:06:02.884 [info] > git for-each-ref --format=%(refname)%00%(upstream:short)%00%(objectname)%00%(upstream:track)%00%(upstream:remotename)%00%(upstream:remoteref) refs/heads/main refs/remotes/main [3ms]
2023-10-27 20:06:02.900 [info] > git status -z -uall [4ms]
2023-10-27 20:06:30.572 [info] > git show --textconv :src/handlers/geolocate.ts [14ms]
2023-10-27 20:06:30.574 [info] > git ls-files --stage -- /home/karl/Code/strikt/mvp/src/handlers/geolocate.ts [3ms]
2023-10-27 20:06:30.588 [info] > git cat-file -s 73a334031d331cead360c1b13c5ef4044e2644f8 [4ms]
2023-10-27 20:36:33.237 [info] > git check-ignore -v -z --stdin [3ms]
2023-10-27 20:36:33.813 [info] > git show --textconv :src/constants/config.ts [28ms]
2023-10-27 20:36:33.818 [info] > git ls-files --stage -- /home/karl/Code/strikt/mvp/src/constants/config.ts [7ms]
2023-10-27 20:36:33.842 [info] > git cat-file -s d7bb1dcc58dcb7be878a54695d1a8ff90d33e503 [4ms]
