2023-10-27 21:39:42.113 [info] Added views:workbench.panel.markers.view in workbench.panel.markers
2023-10-27 21:39:42.113 [info] Added views:workbench.panel.output in workbench.panel.output
2023-10-27 21:39:42.113 [info] Added views:terminal in terminal
2023-10-27 21:39:42.113 [info] Added views:outline in workbench.view.explorer
2023-10-27 21:39:42.113 [info] Added views:workbench.scm in workbench.view.scm
2023-10-27 21:39:42.113 [info] Added views:workbench.view.search in workbench.view.search
2023-10-27 21:39:42.113 [info] Added views:timeline in workbench.view.explorer
2023-10-27 21:39:42.113 [info] Added views:workbench.explorer.fileView in workbench.view.explorer
2023-10-27 21:39:42.728 [info] Added views:workbench.debug.welcome in workbench.view.debug
2023-10-27 21:39:44.572 [info] Added views:workbench.panel.repl.view in workbench.panel.repl
2023-10-27 21:39:52.566 [info] Added views:~remote.forwardedPorts in ~remote.forwardedPortsContainer
2023-10-27 21:39:53.370 [info] Added views:workbench.views.extensions.installed,workbench.views.extensions.popular,extensions.recommendedList in workbench.view.extensions
2023-10-27 21:39:58.695 [info] Removed views:extensions.recommendedList,workbench.views.extensions.popular,workbench.views.extensions.installed from workbench.view.extensions
2023-10-27 21:39:58.746 [info] Added views:workbench.views.extensions.marketplace in workbench.view.extensions
2023-10-27 21:40:11.430 [info] Removed views:workbench.views.extensions.marketplace from workbench.view.extensions
2023-10-27 21:40:11.489 [info] Added views:workbench.views.extensions.installed,workbench.views.extensions.popular,extensions.recommendedList in workbench.view.extensions
2023-10-27 21:40:12.152 [info] Removed views:extensions.recommendedList,workbench.views.extensions.popular,workbench.views.extensions.installed from workbench.view.extensions
2023-10-27 21:40:12.198 [info] Added views:workbench.views.extensions.marketplace in workbench.view.extensions
2023-10-27 21:40:14.617 [info] Removed views:workbench.views.extensions.marketplace from workbench.view.extensions
2023-10-27 21:40:14.693 [info] Added views:workbench.views.extensions.installed,workbench.views.extensions.popular,extensions.recommendedList in workbench.view.extensions
2023-10-27 21:40:28.730 [info] Removed views:extensions.recommendedList,workbench.views.extensions.popular,workbench.views.extensions.installed from workbench.view.extensions
2023-10-27 21:40:28.784 [info] Added views:workbench.views.extensions.marketplace in workbench.view.extensions
